600 124
363 1
522 2
397 2
530 3
79 4
175 5
157 6
436 5
446 7
228 1
236 4
26 8
163 9
387 10
537 10
583 1
11 11
524 8
428 12
9 13
355 3
398 11
34 6
82 3
425 14
20 12
208 7
343 9
547 9
404 15
437 3
439 14
533 6
401 12
24 16
297 10
296 5
541 17
65 11
140 16
405 18
269 13
87 15
336 2
323 18
475 19
577 20
275 21
427 22
190 13
330 19
519 23
452 4
291 15
516 17
233 19
318 21
458 18
464 23
455 24
166 8
374 22
431 20
75 25
379 26
434 4
109 16
491 25
424 17
4 22
593 27
147 28
261 24
326 12
360 27
143 2
520 29
55 29
220 28
193 26
480 9
238 30
421 6
590 31
158 13
345 26
407 32
327 14
43 14
66 9
546 18
510 19
528 30
564 27
30 22
536 27
550 33
196 32
373 34
539 31
126 32
242 20
246 31
230 32
479 5
256 4
494 16
200 24
2 35
413 7
483 33
426 34
346 25
565 23
523 18
493 36
285 35
239 37
462 38
240 37
381 28
378 24
171 3
351 17
595 39
50 38
526 35
555 1
100 40
12 25
505 39
264 28
454 31
512 33
344 26
179 40
332 29
78 24
266 41
151 41
535 42
277 43
310 20
574 44
315 45
49 41
161 46
319 36
107 47
490 41
112 21
489 17
89 48
115 43
517 47
133 8
589 42
226 36
328 13
513 4
229 29
335 44
182 42
316 49
295 5
283 38
215 50
292 45
279 33
312 46
314 46
302 18
308 40
368 50
63 48
362 51
358 20
164 39
392 42
527 45
391 51
19 49
538 34
592 52
137 36
56 29
142 7
498 30
573 15
41 10
184 38
250 47
353 44
409 52
350 53
181 54
473 7
38 48
31 54
289 55
543 40
37 53
560 56
68 37
205 57
403 58
97 55
506 49
324 47
35 55
262 58
86 51
495 21
599 57
241 11
80 12
509 35
36 59
33 43
124 59
173 34
347 52
399 53
6 56
576 43
150 54
13 30
442 60
508 23
301 58
400 61
585 60
531 30
488 61
300 62
460 63
449 41
280 63
570 62
487 37
406 50
569 61
25 61
54 64
213 49
22 60
174 64
152 63
40 6
104 65
1 66
90 65
148 67
357 68
286 58
198 50
76 69
185 70
456 69
270 66
540 43
62 66
138 56
59 19
252 69
514 55
244 25
597 67
70 35
440 63
260 68
474 55
257 38
376 17
553 65
116 71
84 70
501 58
438 72
365 4
361 32
529 59
139 54
372 62
367 72
44 59
415 33
504 73
359 60
170 71
412 72
469 45
219 62
478 57
7 74
110 1
253 56
544 73
410 62
419 75
94 67
27 42
563 70
500 68
172 64
189 44
225 73
268 75
101 74
466 56
92 76
60 36
58 66
408 77
149 77
216 76
111 75
395 12
108 52
402 78
53 72
515 79
102 23
91 78
341 71
235 79
8 34
366 80
476 46
371 81
159 80
383 49
385 57
167 7
132 81
382 82
423 80
123 51
447 78
568 28
556 79
580 80
307 83
106 82
441 48
575 74
333 83
463 84
306 71
207 85
471 70
430 16
311 86
309 85
453 81
145 53
130 87
255 76
32 83
249 34
52 77
445 84
467 83
105 87
484 21
334 65
552 40
177 86
23 76
206 84
481 31
114 48
525 85
451 88
582 78
160 82
364 39
15 89
74 64
534 74
579 89
369 88
195 52
199 87
507 90
414 36
482 91
450 51
144 92
502 66
411 85
131 68
499 76
77 92
461 41
136 27
129 65
549 75
322 73
566 89
47 93
183 90
331 46
212 91
272 94
584 90
231 25
217 73
281 53
221 93
393 56
375 67
162 88
156 29
117 38
188 24
298 88
276 45
586 95
113 84
17 92
542 96
224 92
340 61
259 94
203 86
72 44
267 96
492 95
278 97
71 98
521 99
197 100
61 94
237 54
554 91
251 91
121 89
57 97
477 99
571 98
88 26
448 90
127 8
581 100
222 101
14 101
120 101
558 101
234 102
202 59
435 103
304 15
73 30
588 93
444 94
303 104
180 102
348 103
10 99
598 79
396 68
468 82
349 84
42 47
305 102
209 104
561 105
338 57
125 103
122 63
274 98
64 85
389 57
288 86
69 106
210 97
214 107
596 87
93 14
497 37
118 102
293 106
380 105
176 82
342 108
98 106
432 74
243 107
284 89
128 108
384 54
354 95
211 60
271 83
3 96
178 102
321 99
299 80
485 108
470 104
103 109
472 110
459 68
141 78
518 109
325 79
377 100
572 95
96 111
169 110
282 111
418 111
600 103
287 71
356 97
155 100
51 81
135 10
320 112
28 113
245 114
81 110
420 108
559 33
457 98
194 110
29 115
329 62
339 113
294 5
191 109
370 39
227 112
263 59
85 69
422 104
254 115
433 96
48 116
317 113
313 53
394 114
388 116
146 117
218 105
258 104
16 118
204 106
83 107
545 118
290 119
416 32
187 117
578 120
45 119
429 97
273 117
503 92
192 108
557 121
511 8
232 116
248 101
18 109
562 115
417 78
186 72
465 120
67 113
486 122
95 53
165 78
154 45
134 93
39 114
386 2
443 119
337 96
201 27
5 110
119 121
247 11
99 109
594 112
223 100
21 115
591 123
548 88
265 115
390 122
153 95
46 33
168 99
551 118
496 119
567 118
532 119
587 76
352 124
